<?xml version="1.0" encoding="UTF-8"?>
<!-- Generated by org.testng.reporters.JUnitXMLReporter -->
<testsuite hostname="TR-G3R2M33" ignored="0" name="Command line test" tests="1" failures="0" timestamp="2023-09-27T13:41:40 IST" time="2.601" errors="0">
  <testcase name="@BeforeMethod beforeMethod" time="-1.695802299163E9" classname="base.BaseTest">
    <failure type="org.testng.TestNGException" message="
Parameter &amp;apos;browser&amp;apos; is required by BeforeMethod on method beforeMethod but has not been marked @Optional or defined
">
      <![CDATA[org.testng.TestNGException: 
Parameter 'browser' is required by BeforeMethod on method beforeMethod but has not been marked @Optional or defined

at java.util.ArrayList.forEach(ArrayList.java:1259)
... Removed 37 stack frames]]>
    </failure>
  </testcase> <!-- @BeforeMethod beforeMethod -->
  <testcase name="@AfterMethod afterMethod" time="-1.695802299173E9" classname="base.BaseTest">
    <skipped/>
  </testcase> <!-- @AfterMethod afterMethod -->
  <testcase name="verifyLogin" time="0.0" classname="qa.tests.TestCase1">
    <skipped/>
  </testcase> <!-- verifyLogin -->
</testsuite> <!-- Command line test -->
